<?xml version="1.0" encoding="UTF-8" ?>
<testsuite tests="3" failures="0" name="AutomationScripts.TestData" time="75.862" errors="0" skipped="0">
  <properties>
[...]
</properties>
  <testcase classname="AutomationScripts.TestData" name="verify_UserAble_ToNavigate_TestDataSection" time="9.164"/>
  <testcase classname="AutomationScripts.TestData" name="verify_UserAble_to_AddFile_ForCreatedFolder" time="25.332"/>
  <testcase classname="AutomationScripts.TestData" name="verify_userAble_ToCreateMultipleFolder" time="41.366"/>
</testsuite>